빌드 시작: 2012-10-07 오전 3:10:09
     1>2 노드의 "C:\Users\user\documents\visual studio 2010\Projects\Sample\Sample\Sample.vcxproj" 프로젝트(build 대상)입니다.
     1>InitializeBuildStatus:
         "Debug\Sample.unsuccessfulbuild"에 연결(touching)하고 있습니다.
       GenerateTargetFrameworkMonikerAttribute:
       해당 입력 파일과 비교하여 출력 파일이 모두 최신 파일이므로 "GenerateTargetFrameworkMonikerAttribute" 대상을 건너뜁니다.
       ClCompile:
         모든 출력이 최신 상태입니다.
         C:\Program Files (x86)\Microsoft Visual Studio 10.0\VC\bin\CL.exe /c /ID:\Downloads\developer\opencv\build\include /AI"C:\Program Files (x86)\Reference Assemblies\Microsoft\Framework\.NETFramework\v4.0" /Zi /clr /nologo /W3 /WX- /Od /Oy- /D WIN32 /D _DEBUG /D _UNICODE /D UNICODE /EHa /MDd /GS /fp:precise /Zc:wchar_t /Zc:forScope /Yu"StdAfx.h" /Fp"Debug\Sample.pch" /Fo"Debug\\" /Fd"Debug\vc100.pdb" /TP /FU"C:\Program Files (x86)\Reference Assemblies\Microsoft\Framework\.NETFramework\v4.0\System.Core.dll" /FU"C:\Program Files (x86)\Reference Assemblies\Microsoft\Framework\.NETFramework\v4.0\System.Data.dll" /FU"C:\Program Files (x86)\Reference Assemblies\Microsoft\Framework\.NETFramework\v4.0\System.dll" /FU"C:\Program Files (x86)\Reference Assemblies\Microsoft\Framework\.NETFramework\v4.0\System.Drawing.dll" /FU"C:\Program Files (x86)\Reference Assemblies\Microsoft\Framework\.NETFramework\v4.0\System.Windows.Forms.dll" /FU"C:\Program Files (x86)\Reference Assemblies\Microsoft\Framework\.NETFramework\v4.0\System.Xml.dll" /analyze- /errorReport:prompt Sample.cpp /clr:nostdlib 
         Sample.cpp
         모든 출력이 최신 상태입니다.
       CoreResGen:
         모든 출력이 최신 상태입니다.
       ResourceCompile:
         모든 출력이 최신 상태입니다.
       Link:
         C:\Program Files (x86)\Microsoft Visual Studio 10.0\VC\bin\link.exe /ERRORREPORT:PROMPT /OUT:"C:\Users\user\documents\visual studio 2010\Projects\Sample\Debug\Sample.exe" /INCREMENTAL /NOLOGO /LIBPATH:D:\Downloads\developer\opencv\build\x86\vc10\lib /LIBPATH:D:\Downloads\developer\tbb40_233oss_win\tbb40_233oss\lib\intel64\vc10 opencv_calib3d242d.lib opencv_contrib242d.lib opencv_core242d.lib opencv_features2d242d.lib opencv_flann242d.lib opencv_gpu242d.lib opencv_haartraining_engined.lib opencv_highgui242d.lib opencv_imgproc242d.lib opencv_legacy242d.lib opencv_ml242d.lib opencv_nonfree242d.lib opencv_objdetect242d.lib opencv_photo242d.lib opencv_stitching242d.lib opencv_ts242d.lib opencv_video242d.lib opencv_videostab242d.lib kernel32.lib user32.lib gdi32.lib winspool.lib comdlg32.lib advapi32.lib shell32.lib ole32.lib oleaut32.lib uuid.lib odbc32.lib odbccp32.lib /ASSEMBLYRESOURCE:Debug\Sample.Form1.resources /MANIFEST /ManifestFile:"Debug\Sample.exe.intermediate.manifest" /MANIFESTUAC:"level='asInvoker' uiAccess='false'" /DEBUG /PDB:"C:\Users\user\documents\visual studio 2010\Projects\Sample\Debug\Sample.pdb" /ASSEMBLYDEBUG /SUBSYSTEM:WINDOWS /TLBID:1 /ENTRY:"main" /DYNAMICBASE /FIXED:NO /NXCOMPAT /MACHINE:X86 Debug\app.res
         Debug\AssemblyInfo.obj
         Debug\MyOpenCV.obj
         Debug\Sample.obj
         Debug\stdafx.obj
         "Debug\.NETFramework,Version=v4.0.AssemblyAttributes.obj"
     1>opencv_haartraining_engined.lib(cvboost.obj) : warning LNK4099: 'opencv_haartraining_engined.pdb' PDB를 'opencv_haartraining_engined.lib(cvboost.obj)' 또는 'C:\Users\user\documents\visual studio 2010\Projects\Sample\Debug\opencv_haartraining_engined.pdb'에서 찾을 수 없습니다. 디버그 정보가 없는 것처럼 개체를 링크합니다.
     1>opencv_haartraining_engined.lib(cvcommon.obj) : warning LNK4099: 'opencv_haartraining_engined.pdb' PDB를 'opencv_haartraining_engined.lib(cvcommon.obj)' 또는 'C:\Users\user\documents\visual studio 2010\Projects\Sample\Debug\opencv_haartraining_engined.pdb'에서 찾을 수 없습니다. 디버그 정보가 없는 것처럼 개체를 링크합니다.
     1>opencv_haartraining_engined.lib(cvhaarclassifier.obj) : warning LNK4099: 'opencv_haartraining_engined.pdb' PDB를 'opencv_haartraining_engined.lib(cvhaarclassifier.obj)' 또는 'C:\Users\user\documents\visual studio 2010\Projects\Sample\Debug\opencv_haartraining_engined.pdb'에서 찾을 수 없습니다. 디버그 정보가 없는 것처럼 개체를 링크합니다.
     1>opencv_haartraining_engined.lib(cvhaartraining.obj) : warning LNK4099: 'opencv_haartraining_engined.pdb' PDB를 'opencv_haartraining_engined.lib(cvhaartraining.obj)' 또는 'C:\Users\user\documents\visual studio 2010\Projects\Sample\Debug\opencv_haartraining_engined.pdb'에서 찾을 수 없습니다. 디버그 정보가 없는 것처럼 개체를 링크합니다.
     1>opencv_haartraining_engined.lib(cvsamples.obj) : warning LNK4099: 'opencv_haartraining_engined.pdb' PDB를 'opencv_haartraining_engined.lib(cvsamples.obj)' 또는 'C:\Users\user\documents\visual studio 2010\Projects\Sample\Debug\opencv_haartraining_engined.pdb'에서 찾을 수 없습니다. 디버그 정보가 없는 것처럼 개체를 링크합니다.
         Sample.vcxproj -> C:\Users\user\documents\visual studio 2010\Projects\Sample\Debug\Sample.exe
       Manifest:
         C:\Program Files (x86)\Microsoft SDKs\Windows\v7.0A\bin\mt.exe /nologo /verbose /outputresource:"C:\Users\user\documents\visual studio 2010\Projects\Sample\Debug\Sample.exe;#1" /manifest Debug\Sample.exe.intermediate.manifest
       FinalizeBuildStatus:
         "Debug\Sample.unsuccessfulbuild" 파일을 삭제하고 있습니다.
         "Debug\Sample.lastbuildstate"에 연결(touching)하고 있습니다.
     1>"C:\Users\user\documents\visual studio 2010\Projects\Sample\Sample\Sample.vcxproj" 프로젝트를 빌드했습니다(build 대상).

빌드했습니다.

경과 시간: 00:00:01.42
